<?xml version="1.0" encoding="UTF-8"?>
<testng-results skipped="0" failed="0" ignored="0" total="1" passed="1">
  <reporter-output>
  </reporter-output>
  <suite name="Default suite" duration-ms="69359" started-at="2023-10-13T00:44:03Z" finished-at="2023-10-13T00:45:12Z">
    <groups>
    </groups>
    <test name="Default test" duration-ms="69359" started-at="2023-10-13T00:44:03Z" finished-at="2023-10-13T00:45:12Z">
      <class name="com.qa.internetherokuapp.tests.HomePageTest">
        <test-method status="PASS" signature="setUp()[pri:0, instance:com.qa.internetherokuapp.tests.HomePageTest@39c0f4a]" name="setUp" is-config="true" duration-ms="56455" started-at="2023-10-13T00:44:03Z" finished-at="2023-10-13T00:44:59Z">
          <reporter-output>
          </reporter-output>
        </test-method> <!-- setUp -->
        <test-method status="PASS" signature="verifyWebTable()[pri:0, instance:com.qa.internetherokuapp.tests.HomePageTest@39c0f4a]" name="verifyWebTable" duration-ms="9363" started-at="2023-10-13T00:45:01Z" finished-at="2023-10-13T00:45:10Z">
          <reporter-output>
          </reporter-output>
        </test-method> <!-- verifyWebTable -->
        <test-method status="PASS" signature="tearDown()[pri:0, instance:com.qa.internetherokuapp.tests.HomePageTest@39c0f4a]" name="tearDown" is-config="true" duration-ms="1542" started-at="2023-10-13T00:45:10Z" finished-at="2023-10-13T00:45:12Z">
          <reporter-output>
          </reporter-output>
        </test-method> <!-- tearDown -->
      </class> <!-- com.qa.internetherokuapp.tests.HomePageTest -->
    </test> <!-- Default test -->
  </suite> <!-- Default suite -->
</testng-results>
